###############################################################################
#                                                                             #
# IAR C/C++ Compiler V8.10.1.40194/W32 for 8051         07/Dec/2025  17:35:02 #
# Copyright 2004-2011 IAR Systems AB.                                         #
#                                                                             #
#    Core               =  plain                                              #
#    Code model         =  banked                                             #
#    Data model         =  large                                              #
#    Calling convention =  xdata reentrant                                    #
#    Constant location  =  data_rom                                           #
#    Dptr setup         =  1,16                                               #
#    Source file        =  E:\2025-2×÷Òµ\CC2530\ÆÚÄ©\GasDetectionWarning\×Ô×é #
#                          Íø\ZStack-2.5.1a\Components\hal\target\CC2530EB\ha #
#                          l_key.c                                            #
#    Command line       =  -f E:\2025-2×÷Òµ\CC2530\ÆÚÄ©\GasDetectionWarning\× #
#                          Ô×éÍø\ZStack-2.5.1a\Projects\zstack\Samples\Sample #
#                          App\CC2530DB\..\..\..\Tools\CC2530DB\f8wCoord.cfg  #
#                          (-DCPU32MHZ -DROOT=__near_func                     #
#                          -DMAC_CFG_APP_PENDING_QUEUE=TRUE                   #
#                          -DMAC_CFG_TX_DATA_MAX=5 -DMAC_CFG_TX_MAX=8         #
#                          -DMAC_CFG_RX_MAX=5 -DZDO_COORDINATOR -DRTR_NWK)    #
#                          -f E:\2025-2×÷Òµ\CC2530\ÆÚÄ©\GasDetectionWarning\× #
#                          Ô×éÍø\ZStack-2.5.1a\Projects\zstack\Samples\Sample #
#                          App\CC2530DB\..\..\..\Tools\CC2530DB\f8wConfig.cfg #
#                           (-DZIGBEEPRO -DSECURE=0 -DZG_SECURE_DYNAMIC=0     #
#                          -DREFLECTOR -DDEFAULT_CHANLIST=0x00000800          #
#                          -DZDAPP_CONFIG_PAN_ID=0xFFF1                       #
#                          -DNWK_START_DELAY=100 -DEXTENDED_JOINING_RANDOM_MA #
#                          SK=0x007F -DBEACON_REQUEST_DELAY=100               #
#                          -DBEACON_REQ_DELAY_MASK=0x00FF                     #
#                          -DLINK_STATUS_JITTER_MASK=0x007F                   #
#                          -DROUTE_EXPIRY_TIME=30 -DAPSC_ACK_WAIT_DURATION_PO #
#                          LLED=3000 -DNWK_INDIRECT_MSG_TIMEOUT=7             #
#                          -DMAX_RREQ_ENTRIES=8 -DAPSC_MAX_FRAME_RETRIES=3    #
#                          -DNWK_MAX_DATA_RETRIES=2                           #
#                          -DMAX_POLL_FAILURE_RETRIES=2 -DMAX_BCAST=9         #
#                          -DAPS_MAX_GROUPS=16 -DMAX_RTG_ENTRIES=40           #
#                          -DNWK_MAX_BINDING_ENTRIES=4                        #
#                          -DMAX_BINDING_CLUSTER_IDS=4 "-DDEFAULT_KEY={0x01,  #
#                          0x03, 0x05, 0x07, 0x09, 0x0B, 0x0D, 0x0F, 0x00,    #
#                          0x02, 0x04, 0x06, 0x08, 0x0A, 0x0C, 0x0D}"         #
#                          -DMAC_MAX_FRAME_SIZE=116                           #
#                          -DZDNWKMGR_MIN_TRANSMISSIONS=20 "-DCONST=const     #
#                          __code" -DGENERIC=__generic                        #
#                          -DRFD_RCVC_ALWAYS_ON=FALSE -DPOLL_RATE=1000        #
#                          -DQUEUED_POLL_RATE=100 -DRESPONSE_POLL_RATE=100)   #
#                          -DREJOIN_POLL_RATE=440 E:\2025-2×÷Òµ\CC2530\ÆÚÄ©\G #
#                          asDetectionWarning\×Ô×éÍø\ZStack-2.5.1a\Components #
#                          \hal\target\CC2530EB\hal_key.c -D ZTOOL_P1 -D      #
#                          xMT_TASK -D xMT_SYS_FUNC -D xMT_ZDO_FUNC -D        #
#                          LCD_SUPPORTED=DEBUG -lC E:\2025-2×÷Òµ\CC2530\ÆÚÄ©\ #
#                          GasDetectionWarning\×Ô×éÍø\ZStack-2.5.1a\Projects\ #
#                          zstack\Samples\SampleApp\CC2530DB\CoordinatorEB\Li #
#                          st\ -lA E:\2025-2×÷Òµ\CC2530\ÆÚÄ©\GasDetectionWarn #
#                          ing\×Ô×éÍø\ZStack-2.5.1a\Projects\zstack\Samples\S #
#                          ampleApp\CC2530DB\CoordinatorEB\List\              #
#                          --diag_suppress Pe001,Pa010 -o                     #
#                          E:\2025-2×÷Òµ\CC2530\ÆÚÄ©\GasDetectionWarning\×Ô×é #
#                          Íø\ZStack-2.5.1a\Projects\zstack\Samples\SampleApp #
#                          \CC2530DB\CoordinatorEB\Obj\ -e --no_code_motion   #
#                          --debug --core=plain --dptr=16,1                   #
#                          --data_model=large --code_model=banked             #
#                          --calling_convention=xdata_reentrant               #
#                          --place_constants=data_rom --nr_virtual_regs 16    #
#                          -I E:\2025-2×÷Òµ\CC2530\ÆÚÄ©\GasDetectionWarning\× #
#                          Ô×éÍø\ZStack-2.5.1a\Projects\zstack\Samples\Sample #
#                          App\CC2530DB\ -I E:\2025-2×÷Òµ\CC2530\ÆÚÄ©\GasDete #
#                          ctionWarning\×Ô×éÍø\ZStack-2.5.1a\Projects\zstack\ #
#                          Samples\SampleApp\CC2530DB\..\Source\ -I           #
#                          E:\2025-2×÷Òµ\CC2530\ÆÚÄ©\GasDetectionWarning\×Ô×é #
#                          Íø\ZStack-2.5.1a\Projects\zstack\Samples\SampleApp #
#                          \CC2530DB\..\..\..\ZMain\TI2530DB\ -I              #
#                          E:\2025-2×÷Òµ\CC2530\ÆÚÄ©\GasDetectionWarning\×Ô×é #
#                          Íø\ZStack-2.5.1a\Projects\zstack\Samples\SampleApp #
#                          \CC2530DB\..\..\..\..\..\Components\hal\include\   #
#                          -I E:\2025-2×÷Òµ\CC2530\ÆÚÄ©\GasDetectionWarning\× #
#                          Ô×éÍø\ZStack-2.5.1a\Projects\zstack\Samples\Sample #
#                          App\CC2530DB\..\..\..\..\..\Components\hal\target\ #
#                          CC2530EB\ -I E:\2025-2×÷Òµ\CC2530\ÆÚÄ©\GasDetectio #
#                          nWarning\×Ô×éÍø\ZStack-2.5.1a\Projects\zstack\Samp #
#                          les\SampleApp\CC2530DB\..\..\..\..\..\Components\m #
#                          ac\include\ -I E:\2025-2×÷Òµ\CC2530\ÆÚÄ©\GasDetect #
#                          ionWarning\×Ô×éÍø\ZStack-2.5.1a\Projects\zstack\Sa #
#                          mples\SampleApp\CC2530DB\..\..\..\..\..\Components #
#                          \mac\high_level\ -I E:\2025-2×÷Òµ\CC2530\ÆÚÄ©\GasD #
#                          etectionWarning\×Ô×éÍø\ZStack-2.5.1a\Projects\zsta #
#                          ck\Samples\SampleApp\CC2530DB\..\..\..\..\..\Compo #
#                          nents\mac\low_level\srf04\ -I                      #
#                          E:\2025-2×÷Òµ\CC2530\ÆÚÄ©\GasDetectionWarning\×Ô×é #
#                          Íø\ZStack-2.5.1a\Projects\zstack\Samples\SampleApp #
#                          \CC2530DB\..\..\..\..\..\Components\mac\low_level\ #
#                          srf04\single_chip\ -I E:\2025-2×÷Òµ\CC2530\ÆÚÄ©\Ga #
#                          sDetectionWarning\×Ô×éÍø\ZStack-2.5.1a\Projects\zs #
#                          tack\Samples\SampleApp\CC2530DB\..\..\..\..\..\Com #
#                          ponents\mt\ -I E:\2025-2×÷Òµ\CC2530\ÆÚÄ©\GasDetect #
#                          ionWarning\×Ô×éÍø\ZStack-2.5.1a\Projects\zstack\Sa #
#                          mples\SampleApp\CC2530DB\..\..\..\..\..\Components #
#                          \osal\include\ -I E:\2025-2×÷Òµ\CC2530\ÆÚÄ©\GasDet #
#                          ectionWarning\×Ô×éÍø\ZStack-2.5.1a\Projects\zstack #
#                          \Samples\SampleApp\CC2530DB\..\..\..\..\..\Compone #
#                          nts\services\saddr\ -I E:\2025-2×÷Òµ\CC2530\ÆÚÄ©\G #
#                          asDetectionWarning\×Ô×éÍø\ZStack-2.5.1a\Projects\z #
#                          stack\Samples\SampleApp\CC2530DB\..\..\..\..\..\Co #
#                          mponents\services\sdata\ -I                        #
#                          E:\2025-2×÷Òµ\CC2530\ÆÚÄ©\GasDetectionWarning\×Ô×é #
#                          Íø\ZStack-2.5.1a\Projects\zstack\Samples\SampleApp #
#                          \CC2530DB\..\..\..\..\..\Components\stack\af\ -I   #
#                          E:\2025-2×÷Òµ\CC2530\ÆÚÄ©\GasDetectionWarning\×Ô×é #
#                          Íø\ZStack-2.5.1a\Projects\zstack\Samples\SampleApp #
#                          \CC2530DB\..\..\..\..\..\Components\stack\nwk\ -I  #
#                          E:\2025-2×÷Òµ\CC2530\ÆÚÄ©\GasDetectionWarning\×Ô×é #
#                          Íø\ZStack-2.5.1a\Projects\zstack\Samples\SampleApp #
#                          \CC2530DB\..\..\..\..\..\Components\stack\sapi\    #
#                          -I E:\2025-2×÷Òµ\CC2530\ÆÚÄ©\GasDetectionWarning\× #
#                          Ô×éÍø\ZStack-2.5.1a\Projects\zstack\Samples\Sample #
#                          App\CC2530DB\..\..\..\..\..\Components\stack\sec\  #
#                          -I E:\2025-2×÷Òµ\CC2530\ÆÚÄ©\GasDetectionWarning\× #
#                          Ô×éÍø\ZStack-2.5.1a\Projects\zstack\Samples\Sample #
#                          App\CC2530DB\..\..\..\..\..\Components\stack\sys\  #
#                          -I E:\2025-2×÷Òµ\CC2530\ÆÚÄ©\GasDetectionWarning\× #
#                          Ô×éÍø\ZStack-2.5.1a\Projects\zstack\Samples\Sample #
#                          App\CC2530DB\..\..\..\..\..\Components\stack\zdo\  #
#                          -I E:\2025-2×÷Òµ\CC2530\ÆÚÄ©\GasDetectionWarning\× #
#                          Ô×éÍø\ZStack-2.5.1a\Projects\zstack\Samples\Sample #
#                          App\CC2530DB\..\..\..\..\..\Components\zmac\ -I    #
#                          E:\2025-2×÷Òµ\CC2530\ÆÚÄ©\GasDetectionWarning\×Ô×é #
#                          Íø\ZStack-2.5.1a\Projects\zstack\Samples\SampleApp #
#                          \CC2530DB\..\..\..\..\..\Components\zmac\f8w\ -Ohz #
#    List file          =  E:\2025-2×÷Òµ\CC2530\ÆÚÄ©\GasDetectionWarning\×Ô×é #
#                          Íø\ZStack-2.5.1a\Projects\zstack\Samples\SampleApp #
#                          \CC2530DB\CoordinatorEB\List\hal_key.lst           #
#    Object file        =  E:\2025-2×÷Òµ\CC2530\ÆÚÄ©\GasDetectionWarning\×Ô×é #
#                          Íø\ZStack-2.5.1a\Projects\zstack\Samples\SampleApp #
#                          \CC2530DB\CoordinatorEB\Obj\hal_key.r51            #
#                                                                             #
#                                                                             #
###############################################################################

E:\2025-2×÷Òµ\CC2530\ÆÚÄ©\GasDetectionWarning\×Ô×éÍø\ZStack-2.5.1a\Components\hal\target\CC2530EB\hal_key.c
      1          /**************************************************************************************************
      2            Filename:       hal_key.c
      3            Revised:        $Date: 2010-09-15 19:02:45 -0700 (Wed, 15 Sep 2010) $
      4            Revision:       $Revision: 23815 $
      5          
      6            Description:    This file contains the interface to the HAL KEY Service.
      7          
      8          
      9            Copyright 2006-2010 Texas Instruments Incorporated. All rights reserved.
     10          
     11            IMPORTANT: Your use of this Software is limited to those specific rights
     12            granted under the terms of a software license agreement between the user
     13            who downloaded the software, his/her employer (which must be your employer)
     14            and Texas Instruments Incorporated (the "License").  You may not use this
     15            Software unless you agree to abide by the terms of the License. The License
     16            limits your use, and you acknowledge, that the Software may not be modified,
     17            copied or distributed unless embedded on a Texas Instruments microcontroller
     18            or used solely and exclusively in conjunction with a Texas Instruments radio
     19            frequency transceiver, which is integrated into your product.  Other than for
     20            the foregoing purpose, you may not use, reproduce, copy, prepare derivative
     21            works of, modify, distribute, perform, display or sell this Software and/or
     22            its documentation for any purpose.
     23          
     24            YOU FURTHER ACKNOWLEDGE AND AGREE THAT THE SOFTWARE AND DOCUMENTATION ARE
     25            PROVIDED “AS IS?WITHOUT WARRANTY OF ANY KIND, EITHER EXPRESS OR IMPLIED,
     26            INCLUDING WITHOUT LIMITATION, ANY WARRANTY OF MERCHANTABILITY, TITLE,
     27            NON-INFRINGEMENT AND FITNESS FOR A PARTICULAR PURPOSE. IN NO EVENT SHALL
     28            TEXAS INSTRUMENTS OR ITS LICENSORS BE LIABLE OR OBLIGATED UNDER CONTRACT,
     29            NEGLIGENCE, STRICT LIABILITY, CONTRIBUTION, BREACH OF WARRANTY, OR OTHER
     30            LEGAL EQUITABLE THEORY ANY DIRECT OR INDIRECT DAMAGES OR EXPENSES
     31            INCLUDING BUT NOT LIMITED TO ANY INCIDENTAL, SPECIAL, INDIRECT, PUNITIVE
     32            OR CONSEQUENTIAL DAMAGES, LOST PROFITS OR LOST DATA, COST OF PROCUREMENT
     33            OF SUBSTITUTE GOODS, TECHNOLOGY, SERVICES, OR ANY CLAIMS BY THIRD PARTIES
     34            (INCLUDING BUT NOT LIMITED TO ANY DEFENSE THEREOF), OR OTHER SIMILAR COSTS.
     35          
     36            Should you have any questions regarding your right to use this Software,
     37            contact Texas Instruments Incorporated at www.TI.com.
     38          **************************************************************************************************/
     39          /*********************************************************************
     40           NOTE: If polling is used, the hal_driver task schedules the KeyRead()
     41                 to occur every 100ms.  This should be long enough to naturally
     42                 debounce the keys.  The KeyRead() function remembers the key
     43                 state of the previous poll and will only return a non-zero
     44                 value if the key state changes.
     45          
     46           NOTE: If interrupts are used, the KeyRead() function is scheduled
     47                 25ms after the interrupt occurs by the ISR.  This delay is used
     48                 for key debouncing.  The ISR disables any further Key interrupt
     49                 until KeyRead() is executed.  KeyRead() will re-enable Key
     50                 interrupts after executing.  Unlike polling, when interrupts
     51                 are enabled, the previous key state is not remembered.  This
     52                 means that KeyRead() will return the current state of the keys
     53                 (not a change in state of the keys).
     54          
     55           NOTE: If interrupts are used, the KeyRead() fucntion is scheduled by
     56                 the ISR.  Therefore, the joystick movements will only be detected
     57                 during a pushbutton interrupt caused by S1 or the center joystick
     58                 pushbutton.
     59          
     60           NOTE: When a switch like S1 is pushed, the S1 signal goes from a normally
     61                 high state to a low state.  This transition is typically clean.  The
     62                 duration of the low state is around 200ms.  When the signal returns
     63                 to the high state, there is a high likelihood of signal bounce, which
     64                 causes a unwanted interrupts.  Normally, we would set the interrupt
     65                 edge to falling edge to generate an interrupt when S1 is pushed, but
     66                 because of the signal bounce, it is better to set the edge to rising
     67                 edge to generate an interrupt when S1 is released.  The debounce logic
     68                 can then filter out the signal bounce.  The result is that we typically
     69                 get only 1 interrupt per button push.  This mechanism is not totally
     70                 foolproof because occasionally, signal bound occurs during the falling
     71                 edge as well.  A similar mechanism is used to handle the joystick
     72                 pushbutton on the DB.  For the EB, we do not have independent control
     73                 of the interrupt edge for the S1 and center joystick pushbutton.  As
     74                 a result, only one or the other pushbuttons work reasonably well with
     75                 interrupts.  The default is the make the S1 switch on the EB work more
     76                 reliably.
     77          
     78          *********************************************************************/
     79          
     80          /**************************************************************************************************
     81           *                                            INCLUDES
     82           **************************************************************************************************/
     83          #include "hal_mcu.h"

   \                                 In  segment SFR_AN, at 0x80
   \   union <unnamed> volatile __sfr _A_P0
   \                     _A_P0:
   \   000000                DS 1

   \                                 In  segment SFR_AN, at 0x89
   \   unsigned char volatile __sfr P0IFG
   \                     P0IFG:
   \   000000                DS 1

   \                                 In  segment SFR_AN, at 0x8b
   \   unsigned char volatile __sfr P2IFG
   \                     P2IFG:
   \   000000                DS 1

   \                                 In  segment SFR_AN, at 0x8c
   \   unsigned char volatile __sfr PICTL
   \                     PICTL:
   \   000000                DS 1

   \                                 In  segment SFR_AN, at 0x90
   \   union <unnamed> volatile __sfr _A_P1
   \                     _A_P1:
   \   000000                DS 1

   \                                 In  segment SFR_AN, at 0x9a
   \   unsigned char volatile __sfr IEN2
   \                     IEN2:
   \   000000                DS 1

   \                                 In  segment SFR_AN, at 0xa0
   \   union <unnamed> volatile __sfr _A_P2
   \                     _A_P2:
   \   000000                DS 1

   \                                 In  segment SFR_AN, at 0xab
   \   unsigned char volatile __sfr P0IEN
   \                     P0IEN:
   \   000000                DS 1

   \                                 In  segment SFR_AN, at 0xac
   \   unsigned char volatile __sfr P2IEN
   \                     P2IEN:
   \   000000                DS 1

   \                                 In  segment SFR_AN, at 0xb8
   \   union <unnamed> volatile __sfr _A_IEN1
   \                     _A_IEN1:
   \   000000                DS 1

   \                                 In  segment SFR_AN, at 0xc0
   \   union <unnamed> volatile __sfr _A_IRCON
   \                     _A_IRCON:
   \   000000                DS 1

   \                                 In  segment SFR_AN, at 0xe8
   \   union <unnamed> volatile __sfr _A_IRCON2
   \                     _A_IRCON2:
   \   000000                DS 1

   \                                 In  segment SFR_AN, at 0xf3
   \   unsigned char volatile __sfr P0SEL
   \                     P0SEL:
   \   000000                DS 1

   \                                 In  segment SFR_AN, at 0xf5
   \   unsigned char volatile __sfr P2SEL
   \                     P2SEL:
   \   000000                DS 1

   \                                 In  segment SFR_AN, at 0xfd
   \   unsigned char volatile __sfr P0DIR
   \                     P0DIR:
   \   000000                DS 1

   \                                 In  segment SFR_AN, at 0xff
   \   unsigned char volatile __sfr P2DIR
   \                     P2DIR:
   \   000000                DS 1
     84          #include "hal_defs.h"
     85          #include "hal_types.h"
     86          #include "hal_board.h"
     87          #include "hal_drivers.h"
     88          #include "hal_adc.h"
     89          #include "hal_key.h"
     90          #include "osal.h"
     91          
     92          #include "hal_lcd.h"
     93          
     94          
     95          #if (defined HAL_KEY) && (HAL_KEY == TRUE)
     96          
     97          /**************************************************************************************************
     98           *                                              MACROS
     99           **************************************************************************************************/
    100          
    101          /**************************************************************************************************
    102           *                                            CONSTANTS
    103           **************************************************************************************************/
    104          #define HAL_KEY_RISING_EDGE   0
    105          #define HAL_KEY_FALLING_EDGE  1
    106          
    107          #define HAL_KEY_DEBOUNCE_VALUE  25
    108          #define HAL_KEY_POLLING_VALUE   100
    109          
    110          /* CPU port interrupt */
    111          #define HAL_KEY_CPU_PORT_0_IF P0IF
    112          #define HAL_KEY_CPU_PORT_2_IF P2IF
    113          
    114          /* SW_6 is at P0.1 */
    115          #define HAL_KEY_SW_6_PORT   P0
    116          #define HAL_KEY_SW_6_BIT    BV(1)
    117          #define HAL_KEY_SW_6_SEL    P0SEL
    118          #define HAL_KEY_SW_6_DIR    P0DIR
    119          
    120          /* edge interrupt */
    121          #define HAL_KEY_SW_6_EDGEBIT  BV(0)
    122          #define HAL_KEY_SW_6_EDGE     HAL_KEY_FALLING_EDGE
    123          
    124          
    125          /* SW_6 interrupts */
    126          #define HAL_KEY_SW_6_IEN      IEN1  /* CPU interrupt mask register */
    127          #define HAL_KEY_SW_6_IENBIT   BV(5) /* Mask bit for all of Port_0 */
    128          #define HAL_KEY_SW_6_ICTL     P0IEN /* Port Interrupt Control register */
    129          #define HAL_KEY_SW_6_ICTLBIT  BV(1) /* P0IEN - P0.1 enable/disable bit */
    130          #define HAL_KEY_SW_6_PXIFG    P0IFG /* Interrupt flag at source */
    131          
    132          /* Joy stick move at P2.0 */
    133          #define HAL_KEY_JOY_MOVE_PORT   P2
    134          #define HAL_KEY_JOY_MOVE_BIT    BV(0)
    135          #define HAL_KEY_JOY_MOVE_SEL    P2SEL
    136          #define HAL_KEY_JOY_MOVE_DIR    P2DIR
    137          
    138          /* edge interrupt */
    139          #define HAL_KEY_JOY_MOVE_EDGEBIT  BV(3)
    140          #define HAL_KEY_JOY_MOVE_EDGE     HAL_KEY_FALLING_EDGE
    141          
    142          /* Joy move interrupts */
    143          #define HAL_KEY_JOY_MOVE_IEN      IEN2  /* CPU interrupt mask register */
    144          #define HAL_KEY_JOY_MOVE_IENBIT   BV(1) /* Mask bit for all of Port_2 */
    145          #define HAL_KEY_JOY_MOVE_ICTL     P2IEN /* Port Interrupt Control register */
    146          #define HAL_KEY_JOY_MOVE_ICTLBIT  BV(0) /* P2IENL - P2.0<->P2.3 enable/disable bit */
    147          #define HAL_KEY_JOY_MOVE_PXIFG    P2IFG /* Interrupt flag at source */
    148          
    149          #define HAL_KEY_JOY_CHN   HAL_ADC_CHANNEL_6
    150          
    151          
    152          /**************************************************************************************************
    153           *                                            TYPEDEFS
    154           **************************************************************************************************/
    155          
    156          
    157          /**************************************************************************************************
    158           *                                        GLOBAL VARIABLES
    159           **************************************************************************************************/

   \                                 In  segment XDATA_Z, align 1, keep-with-next
    160          static uint8 halKeySavedKeys;     /* used to store previous key state in polling mode */
   \                     halKeySavedKeys:
   \   000000                DS 1
   \   000001                REQUIRE __INIT_XDATA_Z

   \                                 In  segment XDATA_Z, align 1, keep-with-next
    161          static halKeyCBack_t pHalKeyProcessFunction;
   \                     pHalKeyProcessFunction:
   \   000000                DS 2
   \   000002                REQUIRE __INIT_XDATA_Z

   \                                 In  segment XDATA_Z, align 1, keep-with-next
    162          static uint8 HalKeyConfigured;
   \                     HalKeyConfigured:
   \   000000                DS 1
   \   000001                REQUIRE __INIT_XDATA_Z

   \                                 In  segment XDATA_Z, align 1, keep-with-next
    163          bool Hal_KeyIntEnable;            /* interrupt enable/disable flag */
   \                     Hal_KeyIntEnable:
   \   000000                DS 1
   \   000001                REQUIRE __INIT_XDATA_Z
    164          
    165          /**************************************************************************************************
    166           *                                        FUNCTIONS - Local
    167           **************************************************************************************************/
    168          void halProcessKeyInterrupt(void);
    169          uint8 halGetJoyKeyInput(void);
    170          
    171          #define AUTOMODE      1
    172          #define UNAUTOMOD     0

   \                                 In  segment XDATA_Z, align 1, keep-with-next
    173          uint8 buzzerSwitch = 0;
   \                     buzzerSwitch:
   \   000000                DS 1
   \   000001                REQUIRE __INIT_XDATA_Z

   \                                 In  segment XDATA_I, align 1, keep-with-next
    174          uint8 buzzerConState = AUTOMODE;
   \                     buzzerConState:
   \   000000                DS 1
   \   000001                REQUIRE `?<Initializer for buzzerConState>`
   \   000001                REQUIRE __INIT_XDATA_I
    175          

   \                                 In  segment BANKED_CODE, align 1, keep-with-next
    176          void BuzzerControlKey(uint8 keys, uint8 state)
   \                     BuzzerControlKey:
    177          {
   \   000000   C082         PUSH    DPL
   \   000002   C083         PUSH    DPH
   \   000004                ; Saved register size: 2
   \   000004                ; Auto size: 0
    178            if(keys & HAL_KEY_SW_1)
   \   000004   E9           MOV     A,R1
   \   000005   A2E0         MOV     C,0xE0 /* A   */.0
   \   000007   501B         JNC     ??BuzzerControlKey_0
    179            {
    180              if(buzzerConState) 
   \   000009   90....       MOV     DPTR,#buzzerConState
   \   00000C   E0           MOVX    A,@DPTR
   \   00000D   600C         JZ      ??BuzzerControlKey_1
    181              {
    182                buzzerConState = UNAUTOMOD;
   \   00000F   E4           CLR     A
   \   000010   F0           MOVX    @DPTR,A
    183                buzzerSwitch = 0;
   \   000011   90....       MOV     DPTR,#buzzerSwitch
   \   000014   F0           MOVX    @DPTR,A
    184                P1_0= 1;
   \   000015   D290         SETB    0x90.0
    185                P0_7=1;
   \   000017   D287         SETB    0x80.7
   \   000019   8009         SJMP    ??BuzzerControlKey_0
    186              }
    187              else  
    188              {
    189                buzzerConState = AUTOMODE;
   \                     ??BuzzerControlKey_1:
   \   00001B   7401         MOV     A,#0x1
   \   00001D   F0           MOVX    @DPTR,A
    190                buzzerSwitch = 1;
   \   00001E   90....       MOV     DPTR,#buzzerSwitch
   \   000021   F0           MOVX    @DPTR,A
    191                P1_0=0;
   \   000022   C290         CLR     0x90.0
    192              }
    193            }
    194            if(keys & HAL_KEY_SW_6)
   \                     ??BuzzerControlKey_0:
   \   000024   E9           MOV     A,R1
   \   000025   A2E5         MOV     C,0xE0 /* A   */.5
   \   000027   5010         JNC     ??BuzzerControlKey_2
    195            {
    196              if(!buzzerConState)
   \   000029   90....       MOV     DPTR,#buzzerConState
   \   00002C   E0           MOVX    A,@DPTR
   \   00002D   700A         JNZ     ??BuzzerControlKey_2
    197              {
    198                P0_7=~P0_7;
   \   00002F   D2F0         SETB    B.0
   \   000031   A287         MOV     C,0x80.7
   \   000033   30F001       JNB     B.0,??BuzzerControlKey_3
   \   000036   B3           CPL     C
   \                     ??BuzzerControlKey_3:
   \   000037   9287         MOV     0x80.7,C
    199              }
    200            }
    201            //P1_0=~P1_0;
    202          }
   \                     ??BuzzerControlKey_2:
   \   000039   02....       LJMP    ?Subroutine0 & 0xFFFF
   \   00003C                REQUIRE _A_P1
   \   00003C                REQUIRE _A_P0

   \                                 In  segment BANKED_CODE, align 1, keep-with-next
   \                     ?Subroutine0:
   \   000000   D083         POP     DPH
   \   000002   D082         POP     DPL
   \   000004   02....       LJMP    ?BRET
    203          
    204          /**************************************************************************************************
    205           *                                        FUNCTIONS - API
    206           **************************************************************************************************/
    207          
    208          
    209          /**************************************************************************************************
    210           * @fn      HalKeyInit
    211           *
    212           * @brief   Initilize Key Service
    213           *
    214           * @param   none
    215           *
    216           * @return  None
    217           **************************************************************************************************/

   \                                 In  segment BANKED_CODE, align 1, keep-with-next
    218          void HalKeyInit( void )
   \                     HalKeyInit:
    219          {
   \   000000   C082         PUSH    DPL
   \   000002   C083         PUSH    DPH
   \   000004                ; Saved register size: 2
   \   000004                ; Auto size: 0
    220            /* Initialize previous key to 0 */
    221            halKeySavedKeys = 0;
   \   000004   90....       MOV     DPTR,#halKeySavedKeys
   \   000007   E4           CLR     A
   \   000008   F0           MOVX    @DPTR,A
    222          
    223            //HAL_KEY_SW_6_SEL &= ~(HAL_KEY_SW_6_BIT);    /* Set pin function to GPIO */
    224            //HAL_KEY_SW_6_DIR &= ~(HAL_KEY_SW_6_BIT);    /* Set pin direction to Input */
    225          
    226            //HAL_KEY_JOY_MOVE_SEL &= ~(HAL_KEY_JOY_MOVE_BIT); /* Set pin function to GPIO */
    227            //HAL_KEY_JOY_MOVE_DIR &= ~(HAL_KEY_JOY_MOVE_BIT); /* Set pin direction to Input */
    228              
    229            
    230              P0SEL &= ~0x02; //ÉèÖÃP0.1ÎªÆÕÍ¨IO¿Ú
   \   000009   53F3FD       ANL     0xf3,#0xfd
    231              P0DIR &= ~0X02; //°´¼ü½ÓÔÚP0.1¿ÚÉÏ£¬ÉèP0.1ÎªÊäÈëÄ£Ê½
   \   00000C   53FDFD       ANL     0xfd,#0xfd
    232              P2SEL &= ~0x01;
   \   00000F   53F5FE       ANL     0xf5,#0xfe
    233              P2DIR &=~0x01;
   \   000012   53FFFE       ANL     0xff,#0xfe
    234              //HalLcdWriteString( "keyinit", HAL_LCD_LINE_3 );
    235          // ±ÜÃâÒý½ÅÐü¿Õµ¼ÖÂµÄµçÆ½¸¡¶¯
    236            HalKeyConfigured = FALSE;
   \   000015   90....       MOV     DPTR,#HalKeyConfigured
   \   000018   F0           MOVX    @DPTR,A
    237            /* Initialize callback function */
    238            pHalKeyProcessFunction  = NULL;
   \   000019   90....       MOV     DPTR,#pHalKeyProcessFunction
   \   00001C   F0           MOVX    @DPTR,A
   \   00001D   A3           INC     DPTR
   \   00001E   F0           MOVX    @DPTR,A
    239            //HalKeyConfigured = FALSE;
    240            HalKeyConfig (HAL_KEY_INTERRUPT_DISABLE, BuzzerControlKey);
   \   00001F                ; Setup parameters for call to function HalKeyConfig
   \   00001F   7A..         MOV     R2,#??BuzzerControlKey?relay & 0xff
   \   000021   7B..         MOV     R3,#(??BuzzerControlKey?relay >> 8) & 0xff
   \   000023   F9           MOV     R1,A
   \   000024   12....       LCALL   ??HalKeyConfig?relay
    241            
    242          }
   \   000027   02....       LJMP    ?Subroutine0 & 0xFFFF
   \   00002A                REQUIRE P0SEL
   \   00002A                REQUIRE P0DIR
   \   00002A                REQUIRE P2SEL
   \   00002A                REQUIRE P2DIR
    243          
    244          /**************************************************************************************************
    245           * @fn      HalKeyConfig
    246           *
    247           * @brief   Configure the Key serivce
    248           *
    249           * @param   interruptEnable - TRUE/FALSE, enable/disable interrupt
    250           *          cback - pointer to the CallBack function
    251           *
    252           * @return  None
    253           **************************************************************************************************/

   \                                 In  segment BANKED_CODE, align 1, keep-with-next
    254          void HalKeyConfig (bool interruptEnable, halKeyCBack_t cback)
   \                     HalKeyConfig:
    255          {
   \   000000   74F7         MOV     A,#-0x9
   \   000002   12....       LCALL   ?BANKED_ENTER_XDATA
   \   000005                ; Saved register size: 9
   \   000005                ; Auto size: 0
   \   000005   E9           MOV     A,R1
    256            /* Enable/Disable Interrupt or */
    257            Hal_KeyIntEnable = interruptEnable;
   \   000006   90....       MOV     DPTR,#Hal_KeyIntEnable
   \   000009   F0           MOVX    @DPTR,A
    258          
    259            /* Register the callback fucntion */
    260            pHalKeyProcessFunction = cback;
   \   00000A   90....       MOV     DPTR,#pHalKeyProcessFunction
   \   00000D   EA           MOV     A,R2
   \   00000E   F0           MOVX    @DPTR,A
   \   00000F   A3           INC     DPTR
   \   000010   EB           MOV     A,R3
   \   000011   F0           MOVX    @DPTR,A
    261          
    262            /* Determine if interrupt is enable or not */
    263            if (Hal_KeyIntEnable)
   \   000012   90....       MOV     DPTR,#Hal_KeyIntEnable
   \   000015   E0           MOVX    A,@DPTR
   \   000016   6033         JZ      ??HalKeyConfig_0
    264            {
    265              /* Rising/Falling edge configuratinn */
    266          
    267              PICTL &= ~(HAL_KEY_SW_6_EDGEBIT);    /* Clear the edge bit */
   \   000018   538CFE       ANL     0x8c,#0xfe
    268              /* For falling edge, the bit must be set. */
    269            #if (HAL_KEY_SW_6_EDGE == HAL_KEY_FALLING_EDGE)
    270              PICTL |= HAL_KEY_SW_6_EDGEBIT;
   \   00001B   438C01       ORL     0x8c,#0x1
    271            #endif
    272          
    273          
    274              /* Interrupt configuration:
    275               * - Enable interrupt generation at the port
    276               * - Enable CPU interrupt
    277               * - Clear any pending interrupt
    278               */
    279              HAL_KEY_SW_6_ICTL |= HAL_KEY_SW_6_ICTLBIT;
   \   00001E   43AB02       ORL     0xab,#0x2
    280              HAL_KEY_SW_6_IEN |= HAL_KEY_SW_6_IENBIT;
   \   000021   D2BD         SETB    0xb8.5
    281              HAL_KEY_SW_6_PXIFG = ~(HAL_KEY_SW_6_BIT);
   \   000023   7589FD       MOV     0x89,#-0x3
    282          
    283          
    284          
    285              /* Rising/Falling edge configuratinn */
    286          
    287              HAL_KEY_JOY_MOVE_ICTL &= ~(HAL_KEY_JOY_MOVE_EDGEBIT);    /* Clear the edge bit */
   \   000026   53ACF7       ANL     0xac,#0xf7
    288              /* For falling edge, the bit must be set. */
    289            #if (HAL_KEY_JOY_MOVE_EDGE == HAL_KEY_FALLING_EDGE)
    290              HAL_KEY_JOY_MOVE_ICTL |= HAL_KEY_JOY_MOVE_EDGEBIT;
   \   000029   43AC08       ORL     0xac,#0x8
    291            #endif
    292          
    293          
    294              /* Interrupt configuration:
    295               * - Enable interrupt generation at the port
    296               * - Enable CPU interrupt
    297               * - Clear any pending interrupt
    298               */
    299              HAL_KEY_JOY_MOVE_ICTL |= HAL_KEY_JOY_MOVE_ICTLBIT;
   \   00002C   43AC01       ORL     0xac,#0x1
    300              HAL_KEY_JOY_MOVE_IEN |= HAL_KEY_JOY_MOVE_IENBIT;
   \   00002F   439A02       ORL     0x9a,#0x2
    301              HAL_KEY_JOY_MOVE_PXIFG = ~(HAL_KEY_JOY_MOVE_BIT);
   \   000032   758BFE       MOV     0x8b,#-0x2
    302          
    303          
    304              /* Do this only after the hal_key is configured - to work with sleep stuff */
    305              if (HalKeyConfigured == TRUE)
   \   000035   90....       MOV     DPTR,#HalKeyConfigured
   \   000038   E0           MOVX    A,@DPTR
   \   000039   6401         XRL     A,#0x1
   \   00003B   7023         JNZ     ??HalKeyConfig_1
    306              {
    307                osal_stop_timerEx( Hal_TaskID, HAL_KEY_EVENT);  /* Cancel polling if active */
   \   00003D                ; Setup parameters for call to function osal_stop_timerEx
   \   00003D   7A01         MOV     R2,#0x1
   \   00003F   7B00         MOV     R3,#0x0
   \   000041   90....       MOV     DPTR,#Hal_TaskID
   \   000044   E0           MOVX    A,@DPTR
   \   000045   F9           MOV     R1,A
   \   000046   12....       LCALL   ??osal_stop_timerEx?relay
   \   000049   8015         SJMP    ??HalKeyConfig_1
    308              }
    309            }
    310            else    /* Interrupts NOT enabled */
    311            {
    312              HAL_KEY_SW_6_ICTL &= ~(HAL_KEY_SW_6_ICTLBIT); /* don't generate interrupt */
   \                     ??HalKeyConfig_0:
   \   00004B   53ABFD       ANL     0xab,#0xfd
    313              HAL_KEY_SW_6_IEN &= ~(HAL_KEY_SW_6_IENBIT);   /* Clear interrupt enable bit */
   \   00004E   C2BD         CLR     0xb8.5
    314          
    315              osal_start_timerEx (Hal_TaskID, HAL_KEY_EVENT, HAL_KEY_POLLING_VALUE);    /* Kick off polling */
   \   000050                ; Setup parameters for call to function osal_start_timerEx
   \   000050   7C64         MOV     R4,#0x64
   \   000052   7D00         MOV     R5,#0x0
   \   000054   7A01         MOV     R2,#0x1
   \   000056   7B00         MOV     R3,#0x0
   \   000058   90....       MOV     DPTR,#Hal_TaskID
   \   00005B   E0           MOVX    A,@DPTR
   \   00005C   F9           MOV     R1,A
   \   00005D   12....       LCALL   ??osal_start_timerEx?relay
    316              
    317            }
    318          
    319            /* Key now is configured */
    320            HalKeyConfigured = TRUE;
   \                     ??HalKeyConfig_1:
   \   000060   90....       MOV     DPTR,#HalKeyConfigured
   \   000063   7401         MOV     A,#0x1
   \   000065   F0           MOVX    @DPTR,A
    321          }
   \   000066   FF           MOV     R7,A
   \   000067   02....       LJMP    ?BANKED_LEAVE_XDATA
   \   00006A                REQUIRE PICTL
   \   00006A                REQUIRE P0IEN
   \   00006A                REQUIRE _A_IEN1
   \   00006A                REQUIRE P0IFG
   \   00006A                REQUIRE P2IEN
   \   00006A                REQUIRE IEN2
   \   00006A                REQUIRE P2IFG
    322          
    323          
    324          /**************************************************************************************************
    325           * @fn      HalKeyRead
    326           *
    327           * @brief   Read the current value of a key
    328           *
    329           * @param   None
    330           *
    331           * @return  keys - current keys status
    332           **************************************************************************************************/

   \                                 In  segment BANKED_CODE, align 1, keep-with-next
    333          uint8 HalKeyRead ( void )
   \                     HalKeyRead:
    334          {
   \   000000                ; Saved register size: 0
   \   000000                ; Auto size: 0
    335            uint8 keys = 0;
   \   000000   7900         MOV     R1,#0x0
    336          
    337            if (HAL_PUSH_BUTTON1())
   \   000002   A281         MOV     C,0x80.1
   \   000004   5002         JNC     ??HalKeyRead_0
    338            {
    339              keys |= HAL_KEY_SW_6;
   \   000006   7920         MOV     R1,#0x20
    340            }
    341          
    342          /*  if ((HAL_KEY_JOY_MOVE_PORT & HAL_KEY_JOY_MOVE_BIT))  // Key is active low 
    343            {
    344              keys |= halGetJoyKeyInput();
    345            }
    346          */
    347            return keys;
   \                     ??HalKeyRead_0:
   \   000008   02....       LJMP    ?BRET
   \   00000B                REQUIRE _A_P0
    348          }
    349          
    350          
    351          /**************************************************************************************************
    352           * @fn      HalKeyPoll
    353           *
    354           * @brief   Called by hal_driver to poll the keys
    355           *
    356           * @param   None
    357           *
    358           * @return  None
    359           **************************************************************************************************/

   \                                 In  segment BANKED_CODE, align 1, keep-with-next
    360          void HalKeyPoll(void)
   \                     HalKeyPoll:
    361          {
   \   000000   C082         PUSH    DPL
   \   000002   C083         PUSH    DPH
   \   000004                ; Saved register size: 2
   \   000004                ; Auto size: 0
    362            uint8 keys = 0;
   \   000004   7900         MOV     R1,#0x0
    363            //HalLcdWriteString("123", HAL_LCD_LINE_3 );
    364          /* if ((HAL_KEY_JOY_MOVE_PORT & HAL_KEY_JOY_MOVE_BIT))  // Key is active HIGH 
    365            {
    366              keys = halGetJoyKeyInput();
    367            }
    368          */
    369            //HalLcdWriteString("1", HAL_LCD_LINE_3);
    370            if (!P0_1)//S0
   \   000006   A281         MOV     C,0x80.1
   \   000008   4001         JC      ??HalKeyPoll_0
    371            {
    372              keys |= HAL_KEY_SW_1; 
   \   00000A   09           INC     R1
    373              //HalLcdWriteString("2", HAL_LCD_LINE_3 );
    374            }
    375            if (!P2_0)//S1 
   \                     ??HalKeyPoll_0:
   \   00000B   A2A0         MOV     C,0xa0.0
   \   00000D   4004         JC      ??HalKeyPoll_1
    376            {
    377              keys |= HAL_KEY_SW_6; 
   \   00000F   E9           MOV     A,R1
   \   000010   D2E5         SETB    0xE0 /* A   */.5
   \   000012   F9           MOV     R1,A
    378              //HalLcdWriteString("3", HAL_LCD_LINE_3 );
    379            }
    380            //HalLcdWriteString("1", HAL_LCD_LINE_3 );
    381            if (!Hal_KeyIntEnable)
   \                     ??HalKeyPoll_1:
   \   000013   90....       MOV     DPTR,#Hal_KeyIntEnable
   \   000016   E0           MOVX    A,@DPTR
   \   000017   7009         JNZ     ??HalKeyPoll_2
    382            {
    383              if (keys == halKeySavedKeys)
   \   000019   90....       MOV     DPTR,#halKeySavedKeys
   \   00001C   E0           MOVX    A,@DPTR
   \   00001D   69           XRL     A,R1
   \   00001E   6016         JZ      ??HalKeyPoll_3
    384              {
    385                /* Exit - since no keys have changed */
    386                return;
    387              }
    388              /* Store the current keys for comparation next time */
    389              halKeySavedKeys = keys;
   \   000020   E9           MOV     A,R1
   \   000021   F0           MOVX    @DPTR,A
    390            }
    391            else
    392            {
    393              /* Key interrupt handled here */
    394            }
    395            
    396            /* Invoke Callback if new keys were depressed */
    397            if (keys && (pHalKeyProcessFunction))
   \                     ??HalKeyPoll_2:
   \   000022   E9           MOV     A,R1
   \   000023   6011         JZ      ??HalKeyPoll_3
   \   000025   90....       MOV     DPTR,#pHalKeyProcessFunction
   \   000028   E0           MOVX    A,@DPTR
   \   000029   FA           MOV     R2,A
   \   00002A   A3           INC     DPTR
   \   00002B   E0           MOVX    A,@DPTR
   \   00002C   FB           MOV     R3,A
   \   00002D   EA           MOV     A,R2
   \   00002E   4B           ORL     A,R3
   \   00002F   6005         JZ      ??HalKeyPoll_3
    398            {
    399              //P0_7=~P0_7;
    400              //HalLcdWriteString("1", HAL_LCD_LINE_3 );
    401              //HalLcdWriteString("123", HAL_LCD_LINE_3 );
    402              BuzzerControlKey(keys, HAL_KEY_STATE_NORMAL);
   \   000031                ; Setup parameters for call to function BuzzerControlKey
   \   000031   7A00         MOV     R2,#0x0
   \   000033   12....       LCALL   ??BuzzerControlKey?relay
    403            }
   \                     ??HalKeyPoll_3:
   \   000036                REQUIRE ?Subroutine0
   \   000036                REQUIRE _A_P0
   \   000036                REQUIRE _A_P2
   \   000036                ; // Fall through to label ?Subroutine0
    404            //HalLcdWriteString("123", HAL_LCD_LINE_3 );
    405          }
    406          
    407          /**************************************************************************************************
    408           * @fn      halGetJoyKeyInput
    409           *
    410           * @brief   Map the ADC value to its corresponding key.
    411           *
    412           * @param   None
    413           *
    414           * @return  keys - current joy key status
    415           **************************************************************************************************/

   \                                 In  segment BANKED_CODE, align 1, keep-with-next
    416          uint8 halGetJoyKeyInput(void)
   \                     halGetJoyKeyInput:
    417          {
   \   000000   74F7         MOV     A,#-0x9
   \   000002   12....       LCALL   ?BANKED_ENTER_XDATA
   \   000005                ; Saved register size: 9
   \   000005                ; Auto size: 0
    418            /* The joystick control is encoded as an analog voltage.
    419             * Read the JOY_LEVEL analog value and map it to joy movement.
    420             */
    421            uint8 adc;
    422            uint8 ksave0 = 0;
   \   000005   7E00         MOV     R6,#0x0
    423            uint8 ksave1;
    424          
    425            /* Keep on reading the ADC until two consecutive key decisions are the same. */
    426            do
    427            {
    428              ksave1 = ksave0;    /* save previouse key reading */
   \                     ??halGetJoyKeyInput_0:
   \   000007   EE           MOV     A,R6
   \   000008   FF           MOV     R7,A
    429          
    430              adc = HalAdcRead (HAL_KEY_JOY_CHN, HAL_ADC_RESOLUTION_8);
   \   000009                ; Setup parameters for call to function HalAdcRead
   \   000009   7A01         MOV     R2,#0x1
   \   00000B   7906         MOV     R1,#0x6
   \   00000D   12....       LCALL   ??HalAdcRead?relay
   \   000010   EA           MOV     A,R2
   \   000011   F8           MOV     R0,A
    431          
    432              if ((adc >= 2) && (adc <= 38))
   \   000012   74FE         MOV     A,#-0x2
   \   000014   28           ADD     A,R0
   \   000015   C3           CLR     C
   \   000016   9425         SUBB    A,#0x25
   \   000018   5005         JNC     ??halGetJoyKeyInput_1
    433              {
    434                 ksave0 |= HAL_KEY_UP;
   \   00001A   EE           MOV     A,R6
   \   00001B   D2E0         SETB    0xE0 /* A   */.0
   \   00001D   8032         SJMP    ??halGetJoyKeyInput_2
    435              }
    436              else if ((adc >= 74) && (adc <= 88))
   \                     ??halGetJoyKeyInput_1:
   \   00001F   74B6         MOV     A,#-0x4a
   \   000021   28           ADD     A,R0
   \   000022   C3           CLR     C
   \   000023   940F         SUBB    A,#0xf
   \   000025   5005         JNC     ??halGetJoyKeyInput_3
    437              {
    438                ksave0 |= HAL_KEY_RIGHT;
   \   000027   EE           MOV     A,R6
   \   000028   D2E1         SETB    0xE0 /* A   */.1
   \   00002A   8025         SJMP    ??halGetJoyKeyInput_2
    439              }
    440              else if ((adc >= 60) && (adc <= 73))
   \                     ??halGetJoyKeyInput_3:
   \   00002C   74C4         MOV     A,#-0x3c
   \   00002E   28           ADD     A,R0
   \   00002F   C3           CLR     C
   \   000030   940E         SUBB    A,#0xe
   \   000032   5005         JNC     ??halGetJoyKeyInput_4
    441              {
    442                ksave0 |= HAL_KEY_LEFT;
   \   000034   EE           MOV     A,R6
   \   000035   D2E3         SETB    0xE0 /* A   */.3
   \   000037   8018         SJMP    ??halGetJoyKeyInput_2
    443              }
    444              else if ((adc >= 39) && (adc <= 59))
   \                     ??halGetJoyKeyInput_4:
   \   000039   74D9         MOV     A,#-0x27
   \   00003B   28           ADD     A,R0
   \   00003C   C3           CLR     C
   \   00003D   9415         SUBB    A,#0x15
   \   00003F   5005         JNC     ??halGetJoyKeyInput_5
    445              {
    446                ksave0 |= HAL_KEY_DOWN;
   \   000041   EE           MOV     A,R6
   \   000042   D2E4         SETB    0xE0 /* A   */.4
   \   000044   800B         SJMP    ??halGetJoyKeyInput_2
    447              }
    448              else if ((adc >= 89) && (adc <= 100))
   \                     ??halGetJoyKeyInput_5:
   \   000046   74A7         MOV     A,#-0x59
   \   000048   28           ADD     A,R0
   \   000049   C3           CLR     C
   \   00004A   940C         SUBB    A,#0xc
   \   00004C   5004         JNC     ??halGetJoyKeyInput_6
    449              {
    450                ksave0 |= HAL_KEY_CENTER;
   \   00004E   EE           MOV     A,R6
   \   00004F   D2E2         SETB    0xE0 /* A   */.2
   \                     ??halGetJoyKeyInput_2:
   \   000051   FE           MOV     R6,A
    451              }
    452            } while (ksave0 != ksave1);
   \                     ??halGetJoyKeyInput_6:
   \   000052   EF           MOV     A,R7
   \   000053   6E           XRL     A,R6
   \   000054   70B1         JNZ     ??halGetJoyKeyInput_0
    453          
    454            return ksave0;
   \   000056   EE           MOV     A,R6
   \   000057   F9           MOV     R1,A
   \   000058   7F01         MOV     R7,#0x1
   \   00005A   02....       LJMP    ?BANKED_LEAVE_XDATA
    455          }
    456          
    457          
    458          
    459          
    460          
    461          /**************************************************************************************************
    462           * @fn      halProcessKeyInterrupt
    463           *
    464           * @brief   Checks to see if it's a valid key interrupt, saves interrupt driven key states for
    465           *          processing by HalKeyRead(), and debounces keys by scheduling HalKeyRead() 25ms later.
    466           *
    467           * @param
    468           *
    469           * @return
    470           **************************************************************************************************/

   \                                 In  segment BANKED_CODE, align 1, keep-with-next
    471          void halProcessKeyInterrupt (void)
   \                     halProcessKeyInterrupt:
    472          {
   \   000000   C082         PUSH    DPL
   \   000002   C083         PUSH    DPH
   \   000004                ; Saved register size: 2
   \   000004                ; Auto size: 0
    473            bool valid=FALSE;
   \   000004   7800         MOV     R0,#0x0
    474          
    475            if (HAL_KEY_SW_6_PXIFG & HAL_KEY_SW_6_BIT)  /* Interrupt Flag has been set */
   \   000006   E589         MOV     A,0x89
   \   000008   A2E1         MOV     C,0xE0 /* A   */.1
   \   00000A   5004         JNC     ??halProcessKeyInterrupt_0
    476            {
    477              HAL_KEY_SW_6_PXIFG = ~(HAL_KEY_SW_6_BIT); /* Clear Interrupt Flag */
   \   00000C   7589FD       MOV     0x89,#-0x3
    478              valid = TRUE;
   \   00000F   08           INC     R0
    479            }
    480          
    481            if (HAL_KEY_JOY_MOVE_PXIFG & HAL_KEY_JOY_MOVE_BIT)  /* Interrupt Flag has been set */
   \                     ??halProcessKeyInterrupt_0:
   \   000010   E58B         MOV     A,0x8b
   \   000012   A2E0         MOV     C,0xE0 /* A   */.0
   \   000014   5005         JNC     ??halProcessKeyInterrupt_1
    482            {
    483              HAL_KEY_JOY_MOVE_PXIFG = ~(HAL_KEY_JOY_MOVE_BIT); /* Clear Interrupt Flag */
   \   000016   758BFE       MOV     0x8b,#-0x2
    484              valid = TRUE;
   \   000019   8005         SJMP    ??halProcessKeyInterrupt_2
    485            }
    486          
    487            if (valid)
   \                     ??halProcessKeyInterrupt_1:
   \   00001B   E8           MOV     A,R0
   \   00001C   A2E0         MOV     C,0xE0 /* A   */.0
   \   00001E   5010         JNC     ??halProcessKeyInterrupt_3
    488            {
    489              osal_start_timerEx (Hal_TaskID, HAL_KEY_EVENT, HAL_KEY_DEBOUNCE_VALUE);
   \                     ??halProcessKeyInterrupt_2:
   \   000020                ; Setup parameters for call to function osal_start_timerEx
   \   000020   7C19         MOV     R4,#0x19
   \   000022   7D00         MOV     R5,#0x0
   \   000024   7A01         MOV     R2,#0x1
   \   000026   7B00         MOV     R3,#0x0
   \   000028   90....       MOV     DPTR,#Hal_TaskID
   \   00002B   E0           MOVX    A,@DPTR
   \   00002C   F9           MOV     R1,A
   \   00002D   12....       LCALL   ??osal_start_timerEx?relay
    490            }
    491          }
   \                     ??halProcessKeyInterrupt_3:
   \   000030   02....       LJMP    ?Subroutine0 & 0xFFFF
   \   000033                REQUIRE P0IFG
   \   000033                REQUIRE P2IFG
    492          
    493          /**************************************************************************************************
    494           * @fn      HalKeyEnterSleep
    495           *
    496           * @brief  - Get called to enter sleep mode
    497           *
    498           * @param
    499           *
    500           * @return
    501           **************************************************************************************************/

   \                                 In  segment BANKED_CODE, align 1, keep-with-next
    502          void HalKeyEnterSleep ( void )
   \                     HalKeyEnterSleep:
    503          {
   \   000000                ; Saved register size: 0
   \   000000                ; Auto size: 0
    504          }
   \   000000   02....       LJMP    ?BRET
    505          
    506          /**************************************************************************************************
    507           * @fn      HalKeyExitSleep
    508           *
    509           * @brief   - Get called when sleep is over
    510           *
    511           * @param
    512           *
    513           * @return  - return saved keys
    514           **************************************************************************************************/

   \                                 In  segment BANKED_CODE, align 1, keep-with-next
    515          uint8 HalKeyExitSleep ( void )
   \                     HalKeyExitSleep:
    516          {
   \   000000   C082         PUSH    DPL
   \   000002   C083         PUSH    DPH
   \   000004                ; Saved register size: 2
   \   000004                ; Auto size: 0
    517            /* Wake up and read keys */
    518            return ( HalKeyRead () );
   \   000004                ; Setup parameters for call to function HalKeyRead
   \   000004   12....       LCALL   ??HalKeyRead?relay
   \   000007   02....       LJMP    ?Subroutine0 & 0xFFFF
    519          }
    520          
    521          /***************************************************************************************************
    522           *                                    INTERRUPT SERVICE ROUTINE
    523           ***************************************************************************************************/
    524          
    525          /**************************************************************************************************
    526           * @fn      halKeyPort0Isr
    527           *
    528           * @brief   Port0 ISR
    529           *
    530           * @param
    531           *
    532           * @return
    533           **************************************************************************************************/

   \                                 In  segment NEAR_CODE, align 1, keep-with-next
    534          HAL_ISR_FUNCTION( halKeyPort0Isr, P0INT_VECTOR )
   \                     halKeyPort0Isr:
    535          {
   \   000000   C0E0         PUSH    A
   \   000002   74F2         MOV     A,#-0xe
   \   000004   12....       LCALL   ?INTERRUPT_ENTER_XSP
   \   000007                ; Saved register size: 15
   \   000007                ; Auto size: 0
    536            if (HAL_KEY_SW_6_PXIFG & HAL_KEY_SW_6_BIT)
   \   000007   E589         MOV     A,0x89
   \   000009   A2E1         MOV     C,0xE0 /* A   */.1
   \   00000B   5003         JNC     ??halKeyPort0Isr_0
    537            {
    538              halProcessKeyInterrupt();
   \   00000D                ; Setup parameters for call to function halProcessKeyInterrupt
   \   00000D   12....       LCALL   ??halProcessKeyInterrupt?relay
    539            }
    540          
    541            /*
    542              Clear the CPU interrupt flag for Port_0
    543              PxIFG has to be cleared before PxIF
    544            */
    545            HAL_KEY_SW_6_PXIFG = 0;
   \                     ??halKeyPort0Isr_0:
   \   000010   758900       MOV     0x89,#0x0
    546            HAL_KEY_CPU_PORT_0_IF = 0;
   \   000013   C2C5         CLR     0xc0.5
    547          }
   \   000015                REQUIRE ?Subroutine1
   \   000015                REQUIRE P0IFG
   \   000015                REQUIRE _A_IRCON
   \   000015                ; // Fall through to label ?Subroutine1

   \                                 In  segment NEAR_CODE, align 1, keep-with-next
   \                     ?Subroutine1:
   \   000000   7F01         MOV     R7,#0x1
   \   000002   02....       LJMP    ?INTERRUPT_LEAVE_XSP
    548          
    549          
    550          /**************************************************************************************************
    551           * @fn      halKeyPort2Isr
    552           *
    553           * @brief   Port2 ISR
    554           *
    555           * @param
    556           *
    557           * @return
    558           **************************************************************************************************/

   \                                 In  segment NEAR_CODE, align 1, keep-with-next
    559          HAL_ISR_FUNCTION( halKeyPort2Isr, P2INT_VECTOR )
   \                     halKeyPort2Isr:
    560          {
   \   000000   C0E0         PUSH    A
   \   000002   74F2         MOV     A,#-0xe
   \   000004   12....       LCALL   ?INTERRUPT_ENTER_XSP
   \   000007                ; Saved register size: 15
   \   000007                ; Auto size: 0
    561            if (HAL_KEY_JOY_MOVE_PXIFG & HAL_KEY_JOY_MOVE_BIT)
   \   000007   E58B         MOV     A,0x8b
   \   000009   A2E0         MOV     C,0xE0 /* A   */.0
   \   00000B   5003         JNC     ??halKeyPort2Isr_0
    562            {
    563              halProcessKeyInterrupt();
   \   00000D                ; Setup parameters for call to function halProcessKeyInterrupt
   \   00000D   12....       LCALL   ??halProcessKeyInterrupt?relay
    564            }
    565          
    566            /*
    567              Clear the CPU interrupt flag for Port_2
    568              PxIFG has to be cleared before PxIF
    569              Notes: P2_1 and P2_2 are debug lines.
    570            */
    571            HAL_KEY_JOY_MOVE_PXIFG = 0;
   \                     ??halKeyPort2Isr_0:
   \   000010   758B00       MOV     0x8b,#0x0
    572            HAL_KEY_CPU_PORT_2_IF = 0;
   \   000013   C2E8         CLR     0xe8.0
    573          }
   \   000015   80..         SJMP    ?Subroutine1
   \   000017                REQUIRE P2IFG
   \   000017                REQUIRE _A_IRCON2

   \                                 In  segment INTVEC, offset 0x33, root
   \                     `??halKeyPort2Isr??INTVEC 51`:
   \   000033   02....       LJMP       (halKeyPort2Isr)

   \                                 In  segment INTVEC, offset 0x6b, root
   \                     `??halKeyPort0Isr??INTVEC 107`:
   \   00006B   02....       LJMP       (halKeyPort0Isr)

   \                                 In  segment XDATA_ID, align 1, keep-with-next
   \                     `?<Initializer for buzzerConState>`:
   \   000000   01           DB 1

   \                                 In  segment BANK_RELAYS, align 1
   \                     ??BuzzerControlKey?relay:
   \   000000   12....       LCALL   ?BDISPATCH
   \   000003   ......       DC24    BuzzerControlKey

   \                                 In  segment BANK_RELAYS, align 1
   \                     ??HalKeyInit?relay:
   \   000000   12....       LCALL   ?BDISPATCH
   \   000003   ......       DC24    HalKeyInit

   \                                 In  segment BANK_RELAYS, align 1
   \                     ??HalKeyConfig?relay:
   \   000000   12....       LCALL   ?BDISPATCH
   \   000003   ......       DC24    HalKeyConfig

   \                                 In  segment BANK_RELAYS, align 1
   \                     ??HalKeyRead?relay:
   \   000000   12....       LCALL   ?BDISPATCH
   \   000003   ......       DC24    HalKeyRead

   \                                 In  segment BANK_RELAYS, align 1
   \                     ??HalKeyPoll?relay:
   \   000000   12....       LCALL   ?BDISPATCH
   \   000003   ......       DC24    HalKeyPoll

   \                                 In  segment BANK_RELAYS, align 1
   \                     ??halGetJoyKeyInput?relay:
   \   000000   12....       LCALL   ?BDISPATCH
   \   000003   ......       DC24    halGetJoyKeyInput

   \                                 In  segment BANK_RELAYS, align 1
   \                     ??halProcessKeyInterrupt?relay:
   \   000000   12....       LCALL   ?BDISPATCH
   \   000003   ......       DC24    halProcessKeyInterrupt

   \                                 In  segment BANK_RELAYS, align 1
   \                     ??HalKeyEnterSleep?relay:
   \   000000   12....       LCALL   ?BDISPATCH
   \   000003   ......       DC24    HalKeyEnterSleep

   \                                 In  segment BANK_RELAYS, align 1
   \                     ??HalKeyExitSleep?relay:
   \   000000   12....       LCALL   ?BDISPATCH
   \   000003   ......       DC24    HalKeyExitSleep
    574          
    575          #else
    576          
    577          
    578          void HalKeyInit(void){}
    579          void HalKeyConfig(bool interruptEnable, halKeyCBack_t cback){}
    580          uint8 HalKeyRead(void){ return 0;}
    581          void HalKeyPoll(void){}
    582          
    583          #endif /* HAL_KEY */
    584          
    585          
    586          
    587          
    588          
    589          /**************************************************************************************************
    590          **************************************************************************************************/
    591          
    592          
    593          

   Maximum stack usage in bytes:

     Function                    ISTACK PSTACK XSTACK
     --------                    ------ ------ ------
     BuzzerControlKey                2      0      0
     HalKeyConfig                    0      0      9
       -> osal_stop_timerEx          0      0     18
       -> osal_start_timerEx         0      0     18
     HalKeyEnterSleep                0      0      0
     HalKeyExitSleep                 2      0      0
       -> HalKeyRead                 4      0      0
     HalKeyInit                      2      0      0
       -> HalKeyConfig               4      0      0
     HalKeyPoll                      2      0      0
       -> BuzzerControlKey           4      0      0
     HalKeyRead                      0      0      0
     halGetJoyKeyInput               0      0      9
       -> HalAdcRead                 0      0     18
     halKeyPort0Isr                 15      0      0
       -> halProcessKeyInterrupt    30      0      0
     halKeyPort2Isr                 15      0      0
       -> halProcessKeyInterrupt    30      0      0
     halProcessKeyInterrupt          2      0      0
       -> osal_start_timerEx         4      0      0


   Segment part sizes:

     Function/Label                    Bytes
     --------------                    -----
     _A_P0                                1
     P0IFG                                1
     P2IFG                                1
     PICTL                                1
     _A_P1                                1
     IEN2                                 1
     _A_P2                                1
     P0IEN                                1
     P2IEN                                1
     _A_IEN1                              1
     _A_IRCON                             1
     _A_IRCON2                            1
     P0SEL                                1
     P2SEL                                1
     P0DIR                                1
     P2DIR                                1
     halKeySavedKeys                      1
     pHalKeyProcessFunction               2
     HalKeyConfigured                     1
     Hal_KeyIntEnable                     1
     buzzerSwitch                         1
     buzzerConState                       1
     BuzzerControlKey                    60
     ?Subroutine0                         7
     HalKeyInit                          42
     HalKeyConfig                       106
     HalKeyRead                          11
     HalKeyPoll                          54
     halGetJoyKeyInput                   93
     halProcessKeyInterrupt              51
     HalKeyEnterSleep                     3
     HalKeyExitSleep                     10
     halKeyPort0Isr                      21
     ?Subroutine1                         5
     halKeyPort2Isr                      23
     ??halKeyPort2Isr??INTVEC 51          3
     ??halKeyPort0Isr??INTVEC 107         3
     ?<Initializer for buzzerConState>    1
     ??BuzzerControlKey?relay             6
     ??HalKeyInit?relay                   6
     ??HalKeyConfig?relay                 6
     ??HalKeyRead?relay                   6
     ??HalKeyPoll?relay                   6
     ??halGetJoyKeyInput?relay            6
     ??halProcessKeyInterrupt?relay       6
     ??HalKeyEnterSleep?relay             6
     ??HalKeyExitSleep?relay              6

 
 437 bytes in segment BANKED_CODE
  54 bytes in segment BANK_RELAYS
   6 bytes in segment INTVEC
  49 bytes in segment NEAR_CODE
  16 bytes in segment SFR_AN
   1 byte  in segment XDATA_I
   1 byte  in segment XDATA_ID
   6 bytes in segment XDATA_Z
 
 541 bytes of CODE  memory (+  6 bytes shared)
   0 bytes of DATA  memory (+ 16 bytes shared)
   7 bytes of XDATA memory

Errors: none
Warnings: none
